<?xml version="1.0" encoding="UTF-8"?>
<!-- Generated by org.testng.reporters.JUnitXMLReporter -->
<testsuite hostname="Ash" ignored="0" name="Test" tests="4" failures="4" timestamp="12 Jul 2017 01:42:16 GMT" time="1.543" errors="0">
  <testcase name="arraycount" time="1.421" classname="com.nasa_api.nasa_api.sound.apiTest">
    <failure type="org.apache.http.client.ClientProtocolException">
      <![CDATA[org.apache.http.client.ClientProtocolException
	at org.apache.http.impl.client.InternalHttpClient.doExecute(InternalHttpClient.java:186)
	at org.apache.http.impl.client.CloseableHttpClient.execute(CloseableHttpClient.java:82)
	at org.apache.http.impl.client.CloseableHttpClient.execute(CloseableHttpClient.java:107)
	at util.RESTUtil.get(RESTUtil.java:51)
	at util.RESTUtil.getJSONEntity(RESTUtil.java:68)
	at com.nasa_api.nasa_api.sound.apiTest.arraycount(apiTest.java:45)
Caused by: org.apache.http.HttpException: nullhttps protocol is not supported
	at org.apache.http.impl.conn.DefaultRoutePlanner.determineRoute(DefaultRoutePlanner.java:88)
	at org.apache.http.impl.client.InternalHttpClient.determineRoute(InternalHttpClient.java:124)
	at org.apache.http.impl.client.InternalHttpClient.doExecute(InternalHttpClient.java:183)
	... 30 more
... Removed 25 stack frames]]>
    </failure>
  </testcase> <!-- arraycount -->
  <testcase name="getcontentType" time="0.018" classname="com.nasa_api.nasa_api.sound.apiTest">
    <failure type="org.apache.http.client.ClientProtocolException">
      <![CDATA[org.apache.http.client.ClientProtocolException
	at org.apache.http.impl.client.InternalHttpClient.doExecute(InternalHttpClient.java:186)
	at org.apache.http.impl.client.CloseableHttpClient.execute(CloseableHttpClient.java:82)
	at org.apache.http.impl.client.CloseableHttpClient.execute(CloseableHttpClient.java:107)
	at util.RESTUtil.get(RESTUtil.java:51)
	at util.RESTUtil.getJSONEntity(RESTUtil.java:68)
	at com.nasa_api.nasa_api.sound.apiTest.getcontentType(apiTest.java:28)
Caused by: org.apache.http.HttpException: nullhttps protocol is not supported
	at org.apache.http.impl.conn.DefaultRoutePlanner.determineRoute(DefaultRoutePlanner.java:88)
	at org.apache.http.impl.client.InternalHttpClient.determineRoute(InternalHttpClient.java:124)
	at org.apache.http.impl.client.InternalHttpClient.doExecute(InternalHttpClient.java:183)
	... 30 more
... Removed 25 stack frames]]>
    </failure>
  </testcase> <!-- getcontentType -->
  <testcase name="getpropertCount" time="0.013" classname="com.nasa_api.nasa_api.sound.apiTest">
    <failure type="org.apache.http.client.ClientProtocolException">
      <![CDATA[org.apache.http.client.ClientProtocolException
	at org.apache.http.impl.client.InternalHttpClient.doExecute(InternalHttpClient.java:186)
	at org.apache.http.impl.client.CloseableHttpClient.execute(CloseableHttpClient.java:82)
	at org.apache.http.impl.client.CloseableHttpClient.execute(CloseableHttpClient.java:107)
	at util.RESTUtil.get(RESTUtil.java:51)
	at util.RESTUtil.getJSONEntity(RESTUtil.java:68)
	at com.nasa_api.nasa_api.sound.apiTest.getpropertCount(apiTest.java:39)
Caused by: org.apache.http.HttpException: nullhttps protocol is not supported
	at org.apache.http.impl.conn.DefaultRoutePlanner.determineRoute(DefaultRoutePlanner.java:88)
	at org.apache.http.impl.client.InternalHttpClient.determineRoute(InternalHttpClient.java:124)
	at org.apache.http.impl.client.InternalHttpClient.doExecute(InternalHttpClient.java:183)
	... 30 more
... Removed 25 stack frames]]>
    </failure>
  </testcase> <!-- getpropertCount -->
  <testcase name="testValidResponse" time="0.009" classname="com.nasa_api.nasa_api.sound.apiTest">
    <failure type="org.apache.http.client.ClientProtocolException">
      <![CDATA[org.apache.http.client.ClientProtocolException
	at org.apache.http.impl.client.InternalHttpClient.doExecute(InternalHttpClient.java:186)
	at org.apache.http.impl.client.CloseableHttpClient.execute(CloseableHttpClient.java:82)
	at org.apache.http.impl.client.CloseableHttpClient.execute(CloseableHttpClient.java:107)
	at util.RESTUtil.get(RESTUtil.java:51)
	at util.RESTUtil.getJSONEntity(RESTUtil.java:68)
	at com.nasa_api.nasa_api.sound.apiTest.testValidResponse(apiTest.java:21)
Caused by: org.apache.http.HttpException: nullhttps protocol is not supported
	at org.apache.http.impl.conn.DefaultRoutePlanner.determineRoute(DefaultRoutePlanner.java:88)
	at org.apache.http.impl.client.InternalHttpClient.determineRoute(InternalHttpClient.java:124)
	at org.apache.http.impl.client.InternalHttpClient.doExecute(InternalHttpClient.java:183)
	... 30 more
... Removed 25 stack frames]]>
    </failure>
  </testcase> <!-- testValidResponse -->
</testsuite> <!-- Test -->
